<?xml version="1.0" encoding="UTF-8"?>
<!-- Generated by org.testng.reporters.JUnitXMLReporter -->
<testsuite hostname="DESKTOP-79QFOE9" ignored="2" name="Surefire test" tests="2" failures="1" timestamp="04 Feb 2020 14:16:14 GMT" time="101.005" errors="0">
  <testcase name="logout" time="6.448" classname="com.mobiotics.Test.LogOutTest">
    <failure type="org.openqa.selenium.TimeoutException" message="Expected condition failed: waiting for element to be clickable: [[io.appium.java_client.android.AndroidDriver, Capabilities: {browserName=chrome, databaseEnabled=false, desired={browserName=chrome, platformName=android, version=7.1.1, deviceName=motoe3}, deviceManufacturer=motorola, deviceModel=XT1562, deviceName=ZY2227H3XP, deviceScreenSize=1080x1920, deviceUDID=ZY2227H3XP, javascriptEnabled=true, locationContextEnabled=false, networkConnectionEnabled=true, platform=LINUX, platformName=Android, platformVersion=7.1.1, takesScreenshot=true, version=7.1.1, warnings={}, webStorageEnabled=false}] -&amp;gt; xpath: //*[@id=&amp;apos;alt-navigation&amp;apos;]/li[8]/a] (tried for 0 second(s) with 500 milliseconds interval)
Build info: version: &amp;apos;3.12.0&amp;apos;, revision: &amp;apos;7c6e0b3&amp;apos;, time: &amp;apos;2018-05-08T14:04:26.12Z&amp;apos;
System info: host: &amp;apos;DESKTOP-79QFOE9&amp;apos;, ip: &amp;apos;192.168.0.58&amp;apos;, os.name: &amp;apos;Windows 10&amp;apos;, os.arch: &amp;apos;amd64&amp;apos;, os.version: &amp;apos;10.0&amp;apos;, java.version: &amp;apos;1.8.0_171&amp;apos;
Driver info: io.appium.java_client.android.AndroidDriver
Capabilities {browserName: chrome, databaseEnabled: false, desired: {browserName: chrome, deviceName: motoe3, platformName: android, version: 7.1.1}, deviceManufacturer: motorola, deviceModel: XT1562, deviceName: ZY2227H3XP, deviceScreenSize: 1080x1920, deviceUDID: ZY2227H3XP, javascriptEnabled: true, locationContextEnabled: false, networkConnectionEnabled: true, platform: LINUX, platformName: Android, platformVersion: 7.1.1, takesScreenshot: true, version: 7.1.1, warnings: {}, webStorageEnabled: false}
Session ID: 23f9b198-2f93-43d9-999d-9c7dc6317f2e">
      <![CDATA[org.openqa.selenium.TimeoutException: Expected condition failed: waiting for element to be clickable: [[io.appium.java_client.android.AndroidDriver, Capabilities: {browserName=chrome, databaseEnabled=false, desired={browserName=chrome, platformName=android, version=7.1.1, deviceName=motoe3}, deviceManufacturer=motorola, deviceModel=XT1562, deviceName=ZY2227H3XP, deviceScreenSize=1080x1920, deviceUDID=ZY2227H3XP, javascriptEnabled=true, locationContextEnabled=false, networkConnectionEnabled=true, platform=LINUX, platformName=Android, platformVersion=7.1.1, takesScreenshot=true, version=7.1.1, warnings={}, webStorageEnabled=false}] -> xpath: //*[@id='alt-navigation']/li[8]/a] (tried for 0 second(s) with 500 milliseconds interval)
Build info: version: '3.12.0', revision: '7c6e0b3', time: '2018-05-08T14:04:26.12Z'
System info: host: 'DESKTOP-79QFOE9', ip: '192.168.0.58', os.name: 'Windows 10', os.arch: 'amd64', os.version: '10.0', java.version: '1.8.0_171'
Driver info: io.appium.java_client.android.AndroidDriver
Capabilities {browserName: chrome, databaseEnabled: false, desired: {browserName: chrome, deviceName: motoe3, platformName: android, version: 7.1.1}, deviceManufacturer: motorola, deviceModel: XT1562, deviceName: ZY2227H3XP, deviceScreenSize: 1080x1920, deviceUDID: ZY2227H3XP, javascriptEnabled: true, locationContextEnabled: false, networkConnectionEnabled: true, platform: LINUX, platformName: Android, platformVersion: 7.1.1, takesScreenshot: true, version: 7.1.1, warnings: {}, webStorageEnabled: false}
Session ID: 23f9b198-2f93-43d9-999d-9c7dc6317f2e
at org.openqa.selenium.support.ui.WebDriverWait.timeoutException(WebDriverWait.java:81)
at org.openqa.selenium.support.ui.FluentWait.until(FluentWait.java:271)
at com.mobiotics.Page.BasePage.waitTillElementIsClickable(BasePage.java:34)
at com.mobiotics.Page.HamburgerMenuPage.clickOnSettingsButton(HamburgerMenuPage.java:52)
at com.mobiotics.Test.LogOutTest.logout(LogOutTest.java:20)
... Removed 29 stack frames]]>
    </failure>
  </testcase> <!-- logout -->
  <testcase name="lookuppage_signUp" time="51.699" classname="com.mobiotics.Test.SignUpTest"/>
  <testcase name="@BeforeTest initApplication" time="0.0" classname="com.mobiotics.Constant.BaseTest">
    <ignored/>
  </testcase> <!-- @BeforeTest initApplication -->
  <testcase name="@BeforeTest initApplication" time="0.0" classname="com.mobiotics.Constant.BaseTest">
    <ignored/>
  </testcase> <!-- @BeforeTest initApplication -->
</testsuite> <!-- Surefire test -->
