<?xml version="1.0" encoding="UTF-8"?>
<!-- Generated by org.testng.reporters.JUnitXMLReporter -->
<testsuite hostname="DESKTOP-79QFOE9" ignored="2" name="Surefire test" tests="2" failures="2" timestamp="15 Oct 2019 10:54:46 GMT" time="120.623" errors="0">
  <testcase name="lookuppage_login" time="26.545" classname="com.mobiotics.Test.SignUpTest">
    <failure type="org.openqa.selenium.WebDriverException" message="Returned value cannot be converted to WebElement: {message=no such element: Unable to locate element: {&amp;quot;method&amp;quot;:&amp;quot;id&amp;quot;,&amp;quot;selector&amp;quot;:&amp;quot;journey-email-lookup&amp;quot;}
  (Session info: chrome=74.0.3729.157)
  (Driver info: chromedriver=2.38.552522 (437e6fbedfa8762dec75e2c5b3ddb86763dc9dcb),platform=Windows NT 10.0.18362 x86_64)}
Build info: version: &amp;apos;3.12.0&amp;apos;, revision: &amp;apos;7c6e0b3&amp;apos;, time: &amp;apos;2018-05-08T14:04:26.12Z&amp;apos;
System info: host: &amp;apos;DESKTOP-79QFOE9&amp;apos;, ip: &amp;apos;192.168.0.61&amp;apos;, os.name: &amp;apos;Windows 10&amp;apos;, os.arch: &amp;apos;amd64&amp;apos;, os.version: &amp;apos;10.0&amp;apos;, java.version: &amp;apos;1.8.0_171&amp;apos;
Driver info: driver.version: AndroidDriver">
      <![CDATA[org.openqa.selenium.WebDriverException: Returned value cannot be converted to WebElement: {message=no such element: Unable to locate element: {"method":"id","selector":"journey-email-lookup"}
  (Session info: chrome=74.0.3729.157)
  (Driver info: chromedriver=2.38.552522 (437e6fbedfa8762dec75e2c5b3ddb86763dc9dcb),platform=Windows NT 10.0.18362 x86_64)}
Build info: version: '3.12.0', revision: '7c6e0b3', time: '2018-05-08T14:04:26.12Z'
System info: host: 'DESKTOP-79QFOE9', ip: '192.168.0.61', os.name: 'Windows 10', os.arch: 'amd64', os.version: '10.0', java.version: '1.8.0_171'
Driver info: driver.version: AndroidDriver
at org.openqa.selenium.remote.RemoteWebDriver.findElement(RemoteWebDriver.java:324)
at io.appium.java_client.DefaultGenericMobileDriver.findElement(DefaultGenericMobileDriver.java:62)
at io.appium.java_client.AppiumDriver.findElement(AppiumDriver.java:1)
at io.appium.java_client.android.AndroidDriver.findElement(AndroidDriver.java:1)
at org.openqa.selenium.remote.RemoteWebDriver.findElementById(RemoteWebDriver.java:363)
at io.appium.java_client.DefaultGenericMobileDriver.findElementById(DefaultGenericMobileDriver.java:70)
at io.appium.java_client.AppiumDriver.findElementById(AppiumDriver.java:1)
at io.appium.java_client.android.AndroidDriver.findElementById(AndroidDriver.java:1)
at org.openqa.selenium.By$ById.findElement(By.java:188)
at org.openqa.selenium.remote.RemoteWebDriver.findElement(RemoteWebDriver.java:309)
at io.appium.java_client.DefaultGenericMobileDriver.findElement(DefaultGenericMobileDriver.java:58)
at io.appium.java_client.AppiumDriver.findElement(AppiumDriver.java:1)
at io.appium.java_client.android.AndroidDriver.findElement(AndroidDriver.java:1)
at org.openqa.selenium.support.pagefactory.DefaultElementLocator.findElement(DefaultElementLocator.java:69)
at org.openqa.selenium.support.pagefactory.internal.LocatingElementHandler.invoke(LocatingElementHandler.java:38)
at com.sun.proxy.$Proxy6.isDisplayed(Unknown Source)
at org.openqa.selenium.support.ui.ExpectedConditions.elementIfVisible(ExpectedConditions.java:315)
at org.openqa.selenium.support.ui.ExpectedConditions.access$100(ExpectedConditions.java:44)
at org.openqa.selenium.support.ui.ExpectedConditions$10.apply(ExpectedConditions.java:301)
at org.openqa.selenium.support.ui.ExpectedConditions$10.apply(ExpectedConditions.java:298)
at org.openqa.selenium.support.ui.FluentWait.until(FluentWait.java:248)
at com.mobiotics.Page.BasePage.waitTillTheElementVisible(BasePage.java:33)
at com.mobiotics.Page.LookupPage.setUserName(LookupPage.java:24)
at com.mobiotics.Test.SignUpTest.lookuppage_login(SignUpTest.java:35)
Caused by: java.lang.ClassCastException: com.google.common.collect.Maps$TransformedEntriesMap cannot be cast to org.openqa.selenium.WebElement
at org.openqa.selenium.remote.RemoteWebDriver.findElement(RemoteWebDriver.java:322)
... 52 more
... Removed 29 stack frames]]>
    </failure>
  </testcase> <!-- lookuppage_login -->
  <testcase name="logout" time="62.872" classname="com.mobiotics.Test.LogOutTest">
    <failure type="org.openqa.selenium.TimeoutException" message="Expected condition failed: waiting for visibility of [[io.appium.java_client.android.AndroidDriver, Capabilities: {browserName=chrome, databaseEnabled=false, desired={browserName=chrome, platformName=android, version=8.0, deviceName=motoe3}, deviceManufacturer=motorola, deviceModel=XT1635-02, deviceName=ZY223RZQKP, deviceScreenSize=1080x1920, deviceUDID=ZY223RZQKP, javascriptEnabled=true, locationContextEnabled=false, networkConnectionEnabled=true, platform=LINUX, platformName=Android, platformVersion=8.0.0, takesScreenshot=true, version=8.0, warnings={}, webStorageEnabled=false}] -&amp;gt; xpath: //*[@id=&amp;apos;showMenu&amp;apos;]] (tried for 60 second(s) with 500 milliseconds interval)
Build info: version: &amp;apos;3.12.0&amp;apos;, revision: &amp;apos;7c6e0b3&amp;apos;, time: &amp;apos;2018-05-08T14:04:26.12Z&amp;apos;
System info: host: &amp;apos;DESKTOP-79QFOE9&amp;apos;, ip: &amp;apos;192.168.0.61&amp;apos;, os.name: &amp;apos;Windows 10&amp;apos;, os.arch: &amp;apos;amd64&amp;apos;, os.version: &amp;apos;10.0&amp;apos;, java.version: &amp;apos;1.8.0_171&amp;apos;
Driver info: io.appium.java_client.android.AndroidDriver
Capabilities {browserName: chrome, databaseEnabled: false, desired: {browserName: chrome, deviceName: motoe3, platformName: android, version: 8.0}, deviceManufacturer: motorola, deviceModel: XT1635-02, deviceName: ZY223RZQKP, deviceScreenSize: 1080x1920, deviceUDID: ZY223RZQKP, javascriptEnabled: true, locationContextEnabled: false, networkConnectionEnabled: true, platform: LINUX, platformName: Android, platformVersion: 8.0.0, takesScreenshot: true, version: 8.0, warnings: {}, webStorageEnabled: false}
Session ID: aeb9f934-1d39-4d53-9830-8310770e1508">
      <![CDATA[org.openqa.selenium.TimeoutException: Expected condition failed: waiting for visibility of [[io.appium.java_client.android.AndroidDriver, Capabilities: {browserName=chrome, databaseEnabled=false, desired={browserName=chrome, platformName=android, version=8.0, deviceName=motoe3}, deviceManufacturer=motorola, deviceModel=XT1635-02, deviceName=ZY223RZQKP, deviceScreenSize=1080x1920, deviceUDID=ZY223RZQKP, javascriptEnabled=true, locationContextEnabled=false, networkConnectionEnabled=true, platform=LINUX, platformName=Android, platformVersion=8.0.0, takesScreenshot=true, version=8.0, warnings={}, webStorageEnabled=false}] -> xpath: //*[@id='showMenu']] (tried for 60 second(s) with 500 milliseconds interval)
Build info: version: '3.12.0', revision: '7c6e0b3', time: '2018-05-08T14:04:26.12Z'
System info: host: 'DESKTOP-79QFOE9', ip: '192.168.0.61', os.name: 'Windows 10', os.arch: 'amd64', os.version: '10.0', java.version: '1.8.0_171'
Driver info: io.appium.java_client.android.AndroidDriver
Capabilities {browserName: chrome, databaseEnabled: false, desired: {browserName: chrome, deviceName: motoe3, platformName: android, version: 8.0}, deviceManufacturer: motorola, deviceModel: XT1635-02, deviceName: ZY223RZQKP, deviceScreenSize: 1080x1920, deviceUDID: ZY223RZQKP, javascriptEnabled: true, locationContextEnabled: false, networkConnectionEnabled: true, platform: LINUX, platformName: Android, platformVersion: 8.0.0, takesScreenshot: true, version: 8.0, warnings: {}, webStorageEnabled: false}
Session ID: aeb9f934-1d39-4d53-9830-8310770e1508
at org.openqa.selenium.support.ui.WebDriverWait.timeoutException(WebDriverWait.java:81)
at org.openqa.selenium.support.ui.FluentWait.until(FluentWait.java:271)
at com.mobiotics.Page.BasePage.waitTillTheElementVisible(BasePage.java:33)
at com.mobiotics.Page.SettingsPage.clickOnHambergermenu(SettingsPage.java:33)
at com.mobiotics.Test.LogOutTest.logout(LogOutTest.java:18)
... Removed 29 stack frames]]>
    </failure>
  </testcase> <!-- logout -->
  <testcase name="@BeforeTest initApplication" time="0.0" classname="com.mobiotics.Constant.BaseTest">
    <ignored/>
  </testcase> <!-- @BeforeTest initApplication -->
  <testcase name="@BeforeTest initApplication" time="0.0" classname="com.mobiotics.Constant.BaseTest">
    <ignored/>
  </testcase> <!-- @BeforeTest initApplication -->
</testsuite> <!-- Surefire test -->
