<?xml version="1.0" encoding="UTF-8"?>
<!-- Generated by org.testng.reporters.JUnitXMLReporter -->
<testsuite hostname="DESKTOP-79QFOE9" ignored="1" name="Command line test" tests="1" failures="0" timestamp="14 Oct 2019 06:27:06 GMT" time="12.398" errors="0">
  <testcase name="@BeforeTest initApplication" time="12.335" classname="com.mobiotics.Constant.BaseTest">
    <failure type="org.openqa.selenium.WebDriverException" message="It is impossible to create a new session because &amp;apos;createSession&amp;apos; which takes HttpClient, InputStream and long was not found or it is not accessible
Build info: version: &amp;apos;3.12.0&amp;apos;, revision: &amp;apos;7c6e0b3&amp;apos;, time: &amp;apos;2018-05-08T14:04:26.12Z&amp;apos;
System info: host: &amp;apos;DESKTOP-79QFOE9&amp;apos;, ip: &amp;apos;192.168.0.61&amp;apos;, os.name: &amp;apos;Windows 10&amp;apos;, os.arch: &amp;apos;amd64&amp;apos;, os.version: &amp;apos;10.0&amp;apos;, java.version: &amp;apos;1.8.0_171&amp;apos;
Driver info: driver.version: AndroidDriver">
      <![CDATA[org.openqa.selenium.WebDriverException: It is impossible to create a new session because 'createSession' which takes HttpClient, InputStream and long was not found or it is not accessible
Build info: version: '3.12.0', revision: '7c6e0b3', time: '2018-05-08T14:04:26.12Z'
System info: host: 'DESKTOP-79QFOE9', ip: '192.168.0.61', os.name: 'Windows 10', os.arch: 'amd64', os.version: '10.0', java.version: '1.8.0_171'
Driver info: driver.version: AndroidDriver
at io.appium.java_client.remote.AppiumCommandExecutor$1.createSession(AppiumCommandExecutor.java:195)
at io.appium.java_client.remote.AppiumCommandExecutor.createSession(AppiumCommandExecutor.java:209)
at io.appium.java_client.remote.AppiumCommandExecutor.execute(AppiumCommandExecutor.java:231)
at org.openqa.selenium.remote.RemoteWebDriver.execute(RemoteWebDriver.java:543)
at io.appium.java_client.DefaultGenericMobileDriver.execute(DefaultGenericMobileDriver.java:42)
at io.appium.java_client.AppiumDriver.execute(AppiumDriver.java:1)
at io.appium.java_client.android.AndroidDriver.execute(AndroidDriver.java:1)
at org.openqa.selenium.remote.RemoteWebDriver.startSession(RemoteWebDriver.java:207)
at org.openqa.selenium.remote.RemoteWebDriver.<init>(RemoteWebDriver.java:130)
at io.appium.java_client.DefaultGenericMobileDriver.<init>(DefaultGenericMobileDriver.java:38)
at io.appium.java_client.AppiumDriver.<init>(AppiumDriver.java:84)
at io.appium.java_client.AppiumDriver.<init>(AppiumDriver.java:94)
at io.appium.java_client.android.AndroidDriver.<init>(AndroidDriver.java:93)
at com.mobiotics.Constant.BaseTest.initApplication(BaseTest.java:70)
at io.appium.java_client.remote.AppiumCommandExecutor$1.createSession(AppiumCommandExecutor.java:185)
... 47 more
Caused by: org.openqa.selenium.WebDriverException: An unknown server-side error occurred while processing the command. Original error: Error executing adbExec. Original error: 'Command 'D\:\\Android\\sdk\\platform-tools\\adb.exe -P 5037 -s 3cba2df50106 shell pm clear com.android.chrome' exited with code 4294967295'; Stderr: 'Security exception: PID 28823 does not have permission android.permission.CLEAR_APP_USER_DATA to clear data of package com.android.chrome

java.lang.SecurityException: PID 28823 does not have permission android.permission.CLEAR_APP_USER_DATA to clear data of package com.android.chrome
at com.android.server.am.ActivityManagerService.clearApplicationUserData(ActivityManagerService.java:6772)
at com.android.server.pm.PackageManagerShellCommand.runClear(PackageManagerShellCommand.java:1561)
at com.android.server.pm.PackageManagerShellCommand.onCommand(PackageManagerShellCommand.java:195)
at android.os.ShellCommand.exec(ShellCommand.java:103)
at com.android.server.pm.PackageManagerService.onShellCommand(PackageManagerService.java:21946)
at android.os.Binder.shellCommand(Binder.java:629)
at android.os.Binder.onTransact(Binder.java:527)
at android.content.pm.IPackageManager$Stub.onTransact(IPackageManager.java:2834)
at com.android.server.pm.PackageManagerService.onTransact(PackageManagerService.java:4020)
at android.os.Binder.execTransact(Binder.java:726)'; Code: '4294967295'
Build info: version: '3.12.0', revision: '7c6e0b3', time: '2018-05-08T14:04:26.12Z'
System info: host: 'DESKTOP-79QFOE9', ip: '192.168.0.61', os.name: 'Windows 10', os.arch: 'amd64', os.version: '10.0', java.version: '1.8.0_171'
Driver info: driver.version: AndroidDriver
remote stacktrace: UnknownError: An unknown server-side error occurred while processing the command. Original error: Error executing adbExec. Original error: 'Command 'D\:\\Android\\sdk\\platform-tools\\adb.exe -P 5037 -s 3cba2df50106 shell pm clear com.android.chrome' exited with code 4294967295'; Stderr: 'Security exception: PID 28823 does not have permission android.permission.CLEAR_APP_USER_DATA to clear data of package com.android.chrome

java.lang.SecurityException: PID 28823 does not have permission android.permission.CLEAR_APP_USER_DATA to clear data of package com.android.chrome
at com.android.server.am.ActivityManagerService.clearApplicationUserData(ActivityManagerService.java:6772)
at com.android.server.pm.PackageManagerShellCommand.runClear(PackageManagerShellCommand.java:1561)
at com.android.server.pm.PackageManagerShellCommand.onCommand(PackageManagerShellCommand.java:195)
at android.os.ShellCommand.exec(ShellCommand.java:103)
at com.android.server.pm.PackageManagerService.onShellCommand(PackageManagerService.java:21946)
at android.os.Binder.shellCommand(Binder.java:629)
at android.os.Binder.onTransact(Binder.java:527)
at android.content.pm.IPackageManager$Stub.onTransact(IPackageManager.java:2834)
at com.android.server.pm.PackageManagerService.onTransact(PackageManagerService.java:4020)
at android.os.Binder.execTransact(Binder.java:726)'; Code: '4294967295'
    at getResponseForW3CError (C:\Users\LENOVO\AppData\Local\Programs\Appium\resources\app\node_modules\appium\node_modules\appium-base-driver\lib\protocol\errors.js:806:13)
    at asyncHandler$ (C:\Users\LENOVO\AppData\Local\Programs\Appium\resources\app\node_modules\appium\node_modules\appium-base-driver\lib\protocol\protocol.js:361:37)
    at tryCatch (C:\Users\LENOVO\AppData\Local\Programs\Appium\resources\app\node_modules\appium\node_modules\babel-runtime\regenerator\runtime.js:67:40)
    at GeneratorFunctionPrototype.invoke [as _invoke] (C:\Users\LENOVO\AppData\Local\Programs\Appium\resources\app\node_modules\appium\node_modules\babel-runtime\regenerator\runtime.js:315:22)
    at GeneratorFunctionPrototype.prototype.(anonymous function) [as next] (C:\Users\LENOVO\AppData\Local\Programs\Appium\resources\app\node_modules\appium\node_modules\babel-runtime\regenerator\runtime.js:100:21)
    at GeneratorFunctionPrototype.invoke (C:\Users\LENOVO\AppData\Local\Programs\Appium\resources\app\node_modules\appium\node_modules\babel-runtime\regenerator\runtime.js:136:37)
    at <anonymous>
at org.openqa.selenium.remote.W3CHandshakeResponse.lambda$new$0(W3CHandshakeResponse.java:57)
at org.openqa.selenium.remote.W3CHandshakeResponse.lambda$getResponseFunction$2(W3CHandshakeResponse.java:104)
at org.openqa.selenium.remote.ProtocolHandshake.lambda$createSession$0(ProtocolHandshake.java:123)
at java.util.stream.ReferencePipeline$3$1.accept(Unknown Source)
at java.util.Spliterators$ArraySpliterator.tryAdvance(Unknown Source)
at java.util.stream.ReferencePipeline.forEachWithCancel(Unknown Source)
at java.util.stream.AbstractPipeline.copyIntoWithCancel(Unknown Source)
at java.util.stream.AbstractPipeline.copyInto(Unknown Source)
at java.util.stream.AbstractPipeline.wrapAndCopyInto(Unknown Source)
at java.util.stream.FindOps$FindOp.evaluateSequential(Unknown Source)
at java.util.stream.AbstractPipeline.evaluate(Unknown Source)
at java.util.stream.ReferencePipeline.findFirst(Unknown Source)
at org.openqa.selenium.remote.ProtocolHandshake.createSession(ProtocolHandshake.java:126)
... 52 more
... Removed 43 stack frames]]>
    </failure>
  </testcase> <!-- @BeforeTest initApplication -->
  <testcase name="lookuppage_login" time="0.0" classname="com.mobiotics.Test.SignUpTest">
    <skipped/>
  </testcase> <!-- lookuppage_login -->
  <testcase name="@BeforeTest initApplication" time="0.0" classname="com.mobiotics.Constant.BaseTest">
    <ignored/>
  </testcase> <!-- @BeforeTest initApplication -->
</testsuite> <!-- Command line test -->
