<?xml version="1.0" encoding="UTF-8"?>
<testng-results skipped="0" failed="1" ignored="2" total="4" passed="1">
  <reporter-output>
  </reporter-output>
  <suite name="Surefire suite" duration-ms="101005" started-at="2020-02-04T14:14:32Z" finished-at="2020-02-04T14:16:13Z">
    <groups>
    </groups>
    <test name="Surefire test" duration-ms="101005" started-at="2020-02-04T14:14:32Z" finished-at="2020-02-04T14:16:13Z">
      <class name="com.mobiotics.Test.LogOutTest">
        <test-method status="FAIL" signature="logout()[pri:0, instance:com.mobiotics.Test.LogOutTest@51efea79]" name="logout" duration-ms="6448" started-at="2020-02-04T14:15:15Z" finished-at="2020-02-04T14:15:22Z">
          <exception class="org.openqa.selenium.TimeoutException">
            <message>
              <![CDATA[Expected condition failed: waiting for element to be clickable: [[io.appium.java_client.android.AndroidDriver, Capabilities: {browserName=chrome, databaseEnabled=false, desired={browserName=chrome, platformName=android, version=7.1.1, deviceName=motoe3}, deviceManufacturer=motorola, deviceModel=XT1562, deviceName=ZY2227H3XP, deviceScreenSize=1080x1920, deviceUDID=ZY2227H3XP, javascriptEnabled=true, locationContextEnabled=false, networkConnectionEnabled=true, platform=LINUX, platformName=Android, platformVersion=7.1.1, takesScreenshot=true, version=7.1.1, warnings={}, webStorageEnabled=false}] -> xpath: //*[@id='alt-navigation']/li[8]/a] (tried for 0 second(s) with 500 milliseconds interval)
Build info: version: '3.12.0', revision: '7c6e0b3', time: '2018-05-08T14:04:26.12Z'
System info: host: 'DESKTOP-79QFOE9', ip: '192.168.0.58', os.name: 'Windows 10', os.arch: 'amd64', os.version: '10.0', java.version: '1.8.0_171'
Driver info: io.appium.java_client.android.AndroidDriver
Capabilities {browserName: chrome, databaseEnabled: false, desired: {browserName: chrome, deviceName: motoe3, platformName: android, version: 7.1.1}, deviceManufacturer: motorola, deviceModel: XT1562, deviceName: ZY2227H3XP, deviceScreenSize: 1080x1920, deviceUDID: ZY2227H3XP, javascriptEnabled: true, locationContextEnabled: false, networkConnectionEnabled: true, platform: LINUX, platformName: Android, platformVersion: 7.1.1, takesScreenshot: true, version: 7.1.1, warnings: {}, webStorageEnabled: false}
Session ID: 23f9b198-2f93-43d9-999d-9c7dc6317f2e]]>
            </message>
            <full-stacktrace>
              <![CDATA[org.openqa.selenium.TimeoutException: Expected condition failed: waiting for element to be clickable: [[io.appium.java_client.android.AndroidDriver, Capabilities: {browserName=chrome, databaseEnabled=false, desired={browserName=chrome, platformName=android, version=7.1.1, deviceName=motoe3}, deviceManufacturer=motorola, deviceModel=XT1562, deviceName=ZY2227H3XP, deviceScreenSize=1080x1920, deviceUDID=ZY2227H3XP, javascriptEnabled=true, locationContextEnabled=false, networkConnectionEnabled=true, platform=LINUX, platformName=Android, platformVersion=7.1.1, takesScreenshot=true, version=7.1.1, warnings={}, webStorageEnabled=false}] -> xpath: //*[@id='alt-navigation']/li[8]/a] (tried for 0 second(s) with 500 milliseconds interval)
Build info: version: '3.12.0', revision: '7c6e0b3', time: '2018-05-08T14:04:26.12Z'
System info: host: 'DESKTOP-79QFOE9', ip: '192.168.0.58', os.name: 'Windows 10', os.arch: 'amd64', os.version: '10.0', java.version: '1.8.0_171'
Driver info: io.appium.java_client.android.AndroidDriver
Capabilities {browserName: chrome, databaseEnabled: false, desired: {browserName: chrome, deviceName: motoe3, platformName: android, version: 7.1.1}, deviceManufacturer: motorola, deviceModel: XT1562, deviceName: ZY2227H3XP, deviceScreenSize: 1080x1920, deviceUDID: ZY2227H3XP, javascriptEnabled: true, locationContextEnabled: false, networkConnectionEnabled: true, platform: LINUX, platformName: Android, platformVersion: 7.1.1, takesScreenshot: true, version: 7.1.1, warnings: {}, webStorageEnabled: false}
Session ID: 23f9b198-2f93-43d9-999d-9c7dc6317f2e
at org.openqa.selenium.support.ui.WebDriverWait.timeoutException(WebDriverWait.java:81)
at org.openqa.selenium.support.ui.FluentWait.until(FluentWait.java:271)
at com.mobiotics.Page.BasePage.waitTillElementIsClickable(BasePage.java:34)
at com.mobiotics.Page.HamburgerMenuPage.clickOnSettingsButton(HamburgerMenuPage.java:52)
at com.mobiotics.Test.LogOutTest.logout(LogOutTest.java:20)
at sun.reflect.NativeMethodAccessorImpl.invoke0(Native Method)
at sun.reflect.NativeMethodAccessorImpl.invoke(Unknown Source)
at sun.reflect.DelegatingMethodAccessorImpl.invoke(Unknown Source)
at java.lang.reflect.Method.invoke(Unknown Source)
at org.testng.internal.MethodInvocationHelper.invokeMethod(MethodInvocationHelper.java:124)
at org.testng.internal.Invoker.invokeMethod(Invoker.java:583)
at org.testng.internal.Invoker.invokeTestMethod(Invoker.java:719)
at org.testng.internal.Invoker.invokeTestMethods(Invoker.java:989)
at org.testng.internal.TestMethodWorker.invokeTestMethods(TestMethodWorker.java:125)
at org.testng.internal.TestMethodWorker.run(TestMethodWorker.java:109)
at org.testng.TestRunner.privateRun(TestRunner.java:648)
at org.testng.TestRunner.run(TestRunner.java:505)
at org.testng.SuiteRunner.runTest(SuiteRunner.java:455)
at org.testng.SuiteRunner.runSequentially(SuiteRunner.java:450)
at org.testng.SuiteRunner.privateRun(SuiteRunner.java:415)
at org.testng.SuiteRunner.run(SuiteRunner.java:364)
at org.testng.SuiteRunnerWorker.runSuite(SuiteRunnerWorker.java:52)
at org.testng.SuiteRunnerWorker.run(SuiteRunnerWorker.java:84)
at org.testng.TestNG.runSuitesSequentially(TestNG.java:1208)
at org.testng.TestNG.runSuitesLocally(TestNG.java:1137)
at org.testng.TestNG.runSuites(TestNG.java:1049)
at org.testng.TestNG.run(TestNG.java:1017)
at org.apache.maven.surefire.testng.TestNGExecutor.run(TestNGExecutor.java:132)
at org.apache.maven.surefire.testng.TestNGDirectoryTestSuite.executeMulti(TestNGDirectoryTestSuite.java:193)
at org.apache.maven.surefire.testng.TestNGDirectoryTestSuite.execute(TestNGDirectoryTestSuite.java:94)
at org.apache.maven.surefire.testng.TestNGProvider.invoke(TestNGProvider.java:147)
at org.apache.maven.surefire.booter.ForkedBooter.invokeProviderInSameClassLoader(ForkedBooter.java:290)
at org.apache.maven.surefire.booter.ForkedBooter.runSuitesInProcess(ForkedBooter.java:242)
at org.apache.maven.surefire.booter.ForkedBooter.main(ForkedBooter.java:121)
]]>
            </full-stacktrace>
          </exception> <!-- org.openqa.selenium.TimeoutException -->
          <reporter-output>
          </reporter-output>
        </test-method> <!-- logout -->
      </class> <!-- com.mobiotics.Test.LogOutTest -->
      <class name="com.mobiotics.Constant.BaseTest">
        <test-method status="PASS" signature="initApplication()[pri:0, instance:com.mobiotics.Constant.BaseTest@6d00a15d]" name="initApplication" is-config="true" duration-ms="42764" started-at="2020-02-04T14:14:32Z" finished-at="2020-02-04T14:15:15Z">
          <reporter-output>
          </reporter-output>
        </test-method> <!-- initApplication -->
      </class> <!-- com.mobiotics.Constant.BaseTest -->
      <class name="com.mobiotics.Test.SignUpTest">
        <test-method status="PASS" signature="lookuppage_signUp()[pri:0, instance:com.mobiotics.Test.SignUpTest@5034c75a]" name="lookuppage_signUp" duration-ms="51699" started-at="2020-02-04T14:15:22Z" finished-at="2020-02-04T14:16:13Z">
          <reporter-output>
          </reporter-output>
        </test-method> <!-- lookuppage_signUp -->
      </class> <!-- com.mobiotics.Test.SignUpTest -->
    </test> <!-- Surefire test -->
  </suite> <!-- Surefire suite -->
</testng-results>
