<?xml version="1.0" encoding="UTF-8"?>
<testsuite xmlns:xsi="http://www.w3.org/2001/XMLSchema-instance" xsi:schemaLocation="https://maven.apache.org/surefire/maven-surefire-plugin/xsd/surefire-test-report.xsd" name="TestSuite" time="124.242" tests="2" errors="0" skipped="0" failures="2">
  <properties>
[...]
</properties>
  <testcase name="lookuppage_login" classname="com.mobiotics.Test.SignUpTest" time="26.575">
    <failure message="Returned value cannot be converted to WebElement: {message=no such element: Unable to locate element: {&quot;method&quot;:&quot;id&quot;,&quot;selector&quot;:&quot;journey-email-lookup&quot;}&#10;  (Session info: chrome=74.0.3729.157)&#10;  (Driver info: chromedriver=2.38.552522 (437e6fbedfa8762dec75e2c5b3ddb86763dc9dcb),platform=Windows NT 10.0.18362 x86_64)}&#10;Build info: version: &apos;3.12.0&apos;, revision: &apos;7c6e0b3&apos;, time: &apos;2018-05-08T14:04:26.12Z&apos;&#10;System info: host: &apos;DESKTOP-79QFOE9&apos;, ip: &apos;192.168.0.61&apos;, os.name: &apos;Windows 10&apos;, os.arch: &apos;amd64&apos;, os.version: &apos;10.0&apos;, java.version: &apos;1.8.0_171&apos;&#10;Driver info: driver.version: AndroidDriver" type="org.openqa.selenium.WebDriverException">org.openqa.selenium.WebDriverException: 
Returned value cannot be converted to WebElement: {message=no such element: Unable to locate element: {"method":"id","selector":"journey-email-lookup"}
  (Session info: chrome=74.0.3729.157)
  (Driver info: chromedriver=2.38.552522 (437e6fbedfa8762dec75e2c5b3ddb86763dc9dcb),platform=Windows NT 10.0.18362 x86_64)}
Build info: version: '3.12.0', revision: '7c6e0b3', time: '2018-05-08T14:04:26.12Z'
System info: host: 'DESKTOP-79QFOE9', ip: '192.168.0.61', os.name: 'Windows 10', os.arch: 'amd64', os.version: '10.0', java.version: '1.8.0_171'
Driver info: driver.version: AndroidDriver
	at com.mobiotics.Test.SignUpTest.lookuppage_login(SignUpTest.java:35)
Caused by: java.lang.ClassCastException: com.google.common.collect.Maps$TransformedEntriesMap cannot be cast to org.openqa.selenium.WebElement
	at com.mobiotics.Test.SignUpTest.lookuppage_login(SignUpTest.java:35)
</failure>
    <system-err><![CDATA[Oct 15, 2019 4:23:11 PM io.appium.java_client.remote.AppiumCommandExecutor$1 lambda$0
INFO: Detected dialect: W3C
]]></system-err>
  </testcase>
  <testcase name="logout" classname="com.mobiotics.Test.LogOutTest" time="62.875">
    <failure message="Expected condition failed: waiting for visibility of [[io.appium.java_client.android.AndroidDriver, Capabilities: {browserName=chrome, databaseEnabled=false, desired={browserName=chrome, platformName=android, version=8.0, deviceName=motoe3}, deviceManufacturer=motorola, deviceModel=XT1635-02, deviceName=ZY223RZQKP, deviceScreenSize=1080x1920, deviceUDID=ZY223RZQKP, javascriptEnabled=true, locationContextEnabled=false, networkConnectionEnabled=true, platform=LINUX, platformName=Android, platformVersion=8.0.0, takesScreenshot=true, version=8.0, warnings={}, webStorageEnabled=false}] -&gt; xpath: //*[@id=&apos;showMenu&apos;]] (tried for 60 second(s) with 500 milliseconds interval)&#10;Build info: version: &apos;3.12.0&apos;, revision: &apos;7c6e0b3&apos;, time: &apos;2018-05-08T14:04:26.12Z&apos;&#10;System info: host: &apos;DESKTOP-79QFOE9&apos;, ip: &apos;192.168.0.61&apos;, os.name: &apos;Windows 10&apos;, os.arch: &apos;amd64&apos;, os.version: &apos;10.0&apos;, java.version: &apos;1.8.0_171&apos;&#10;Driver info: io.appium.java_client.android.AndroidDriver&#10;Capabilities {browserName: chrome, databaseEnabled: false, desired: {browserName: chrome, deviceName: motoe3, platformName: android, version: 8.0}, deviceManufacturer: motorola, deviceModel: XT1635-02, deviceName: ZY223RZQKP, deviceScreenSize: 1080x1920, deviceUDID: ZY223RZQKP, javascriptEnabled: true, locationContextEnabled: false, networkConnectionEnabled: true, platform: LINUX, platformName: Android, platformVersion: 8.0.0, takesScreenshot: true, version: 8.0, warnings: {}, webStorageEnabled: false}&#10;Session ID: aeb9f934-1d39-4d53-9830-8310770e1508" type="org.openqa.selenium.TimeoutException">org.openqa.selenium.TimeoutException: 
Expected condition failed: waiting for visibility of [[io.appium.java_client.android.AndroidDriver, Capabilities: {browserName=chrome, databaseEnabled=false, desired={browserName=chrome, platformName=android, version=8.0, deviceName=motoe3}, deviceManufacturer=motorola, deviceModel=XT1635-02, deviceName=ZY223RZQKP, deviceScreenSize=1080x1920, deviceUDID=ZY223RZQKP, javascriptEnabled=true, locationContextEnabled=false, networkConnectionEnabled=true, platform=LINUX, platformName=Android, platformVersion=8.0.0, takesScreenshot=true, version=8.0, warnings={}, webStorageEnabled=false}] -> xpath: //*[@id='showMenu']] (tried for 60 second(s) with 500 milliseconds interval)
Build info: version: '3.12.0', revision: '7c6e0b3', time: '2018-05-08T14:04:26.12Z'
System info: host: 'DESKTOP-79QFOE9', ip: '192.168.0.61', os.name: 'Windows 10', os.arch: 'amd64', os.version: '10.0', java.version: '1.8.0_171'
Driver info: io.appium.java_client.android.AndroidDriver
Capabilities {browserName: chrome, databaseEnabled: false, desired: {browserName: chrome, deviceName: motoe3, platformName: android, version: 8.0}, deviceManufacturer: motorola, deviceModel: XT1635-02, deviceName: ZY223RZQKP, deviceScreenSize: 1080x1920, deviceUDID: ZY223RZQKP, javascriptEnabled: true, locationContextEnabled: false, networkConnectionEnabled: true, platform: LINUX, platformName: Android, platformVersion: 8.0.0, takesScreenshot: true, version: 8.0, warnings: {}, webStorageEnabled: false}
Session ID: aeb9f934-1d39-4d53-9830-8310770e1508
	at com.mobiotics.Test.LogOutTest.logout(LogOutTest.java:18)
</failure>
  </testcase>
</testsuite>